<?xml version="1.0" encoding="UTF-8"?>
<!-- Generated by org.testng.reporters.JUnitXMLReporter -->
<testsuite ignored="6" hostname="Vatturi" failures="0" tests="11" name="Surefire test" time="61.331" errors="0" timestamp="2023-12-17T00:45:46 IST">
  <testcase classname="automation.CartTest" name="verifyAdddingMacbookfromhomepage" time="0.384"/>
  <testcase classname="automation.CartTest" name="verifyIncreasingQuantitywithinCart" time="0.75"/>
  <testcase classname="automation.CartTest" name="VerifyEnteringInvalidCoupon" time="0.733"/>
  <testcase classname="automation.CartTest" name="VerifyCheckoutwithoutLogin" time="0.79"/>
  <testcase classname="automation.CartTest" name="VerifyabortCartpage" time="0.569"/>
  <testcase classname="automation.LoginTest" name="verifywithlogincredentials" time="0.529"/>
  <testcase classname="automation.LoginTest" name="verifywithlogincredentials" time="0.486"/>
  <testcase classname="automation.LoginTest" name="verifywithinvalidlogincredentials" time="0.501"/>
  <testcase classname="automation.LoginTest" name="verifywithvalidemailidandinvalidpassword" time="0.448"/>
  <testcase classname="automation.SearchTest" name="searchforhplaptop" time="0.32"/>
  <testcase classname="automation.SearchTest" name="searchfornonexistingitem" time="0.287"/>
  <testcase classname="basefunctionalities.base" name="@BeforeSuite InitExentReport" time="0.0">
    <ignored/>
  </testcase> <!-- @BeforeSuite InitExentReport -->
  <testcase classname="basefunctionalities.base" name="@BeforeSuite InitExentReport" time="0.0">
    <ignored/>
  </testcase> <!-- @BeforeSuite InitExentReport -->
  <testcase classname="basefunctionalities.base" name="@AfterSuite generateReports" time="0.0">
    <ignored/>
  </testcase> <!-- @AfterSuite generateReports -->
  <testcase classname="basefunctionalities.base" name="@BeforeTest getnameMethod" time="0.0">
    <ignored/>
  </testcase> <!-- @BeforeTest getnameMethod -->
  <testcase classname="basefunctionalities.base" name="@BeforeTest getnameMethod" time="0.0">
    <ignored/>
  </testcase> <!-- @BeforeTest getnameMethod -->
  <testcase classname="basefunctionalities.base" name="@AfterSuite generateReports" time="0.0">
    <ignored/>
  </testcase> <!-- @AfterSuite generateReports -->
</testsuite> <!-- Surefire test -->
