<?xml version="1.0" encoding="UTF-8"?>
<!-- Generated by org.testng.reporters.JUnitXMLReporter -->
<testsuite ignored="3" hostname="Vatturi" failures="0" tests="1" name="Default test" time="6.151" errors="0" timestamp="2023-12-05T03:26:12 IST">
  <testcase classname="experiment.Registration" name="verifywithnulllemail" time="0.598"/>
  <testcase classname="experiment.Registration" name="verifyregistrationwithnullfirstname" time="0.0">
    <ignored/>
  </testcase> <!-- verifyregistrationwithnullfirstname -->
  <testcase classname="experiment.Registration" name="registerwithsubscription" time="0.0">
    <ignored/>
  </testcase> <!-- registerwithsubscription -->
  <testcase classname="experiment.Registration" name="registerwithalldetails" time="0.0">
    <ignored/>
  </testcase> <!-- registerwithalldetails -->
</testsuite> <!-- Default test -->
