<?xml version="1.0" encoding="UTF-8"?>
<!-- Generated by org.testng.reporters.JUnitXMLReporter -->
<testsuite ignored="6" hostname="Vatturi" failures="0" tests="10" name="Test" time="59.347" errors="0" timestamp="2023-11-23T05:00:43 IST">
  <testcase classname="experiment.Registration" name="registerwithalldetails" time="1.164"/>
  <testcase classname="experiment.Registration" name="registerwithsubscription" time="1.17"/>
  <testcase classname="experiment.Registration" name="verifyregistrationwithnullfirstname" time="0.772"/>
  <testcase classname="experiment.Registration" name="verifywithnulllemail" time="0.727"/>
  <testcase classname="automation.login" name="verifywithlogincredentials" time="0.84"/>
  <testcase classname="automation.login" name="verifywithlogincredentials" time="0.833"/>
  <testcase classname="automation.login" name="verifywithinvalidlogincredentials" time="0.626"/>
  <testcase classname="automation.login" name="verifywithvalidemailidandinvalidpassword" time="0.57"/>
  <testcase classname="automation.search" name="searchforhplaptop" time="0.576"/>
  <testcase classname="automation.search" name="searchfornonexistingitem" time="0.425"/>
  <testcase classname="basefunctionalities.base" name="@BeforeTest getnameMethod" time="0.0">
    <ignored/>
  </testcase> <!-- @BeforeTest getnameMethod -->
  <testcase classname="basefunctionalities.base" name="@BeforeTest getnameMethod" time="0.0">
    <ignored/>
  </testcase> <!-- @BeforeTest getnameMethod -->
  <testcase classname="basefunctionalities.base" name="@BeforeSuite InitExentReport" time="0.0">
    <ignored/>
  </testcase> <!-- @BeforeSuite InitExentReport -->
  <testcase classname="basefunctionalities.base" name="@AfterSuite generateReports" time="0.0">
    <ignored/>
  </testcase> <!-- @AfterSuite generateReports -->
  <testcase classname="basefunctionalities.base" name="@AfterSuite generateReports" time="0.0">
    <ignored/>
  </testcase> <!-- @AfterSuite generateReports -->
  <testcase classname="basefunctionalities.base" name="@BeforeSuite InitExentReport" time="0.0">
    <ignored/>
  </testcase> <!-- @BeforeSuite InitExentReport -->
</testsuite> <!-- Test -->
