<?xml version="1.0" encoding="UTF-8"?>
<!-- Generated by org.testng.reporters.JUnitXMLReporter -->
<testsuite ignored="6" hostname="Vatturi" failures="0" tests="11" name="Test" time="111.045" errors="0" timestamp="2023-12-17T14:55:23 IST">
  <testcase classname="automation.CartTest" name="verifyAdddingMacbookfromhomepage" time="3.754"/>
  <testcase classname="automation.CartTest" name="verifyIncreasingQuantitywithinCart" time="0.8"/>
  <testcase classname="automation.CartTest" name="VerifyEnteringInvalidCoupon" time="1.412"/>
  <testcase classname="automation.CartTest" name="VerifyCheckoutwithoutLogin" time="0.895"/>
  <testcase classname="automation.CartTest" name="VerifyabortCartpage" time="0.625"/>
  <testcase classname="automation.LoginTest" name="verifywithlogincredentials" time="0.844"/>
  <testcase classname="automation.LoginTest" name="verifywithlogincredentials" time="0.688"/>
  <testcase classname="automation.LoginTest" name="verifywithinvalidlogincredentials" time="0.559"/>
  <testcase classname="automation.LoginTest" name="verifywithvalidemailidandinvalidpassword" time="0.472"/>
  <testcase classname="automation.SearchTest" name="searchforhplaptop" time="0.327"/>
  <testcase classname="automation.SearchTest" name="searchfornonexistingitem" time="0.678"/>
  <testcase classname="basefunctionalities.base" name="@BeforeTest getnameMethod" time="0.0">
    <ignored/>
  </testcase> <!-- @BeforeTest getnameMethod -->
  <testcase classname="basefunctionalities.base" name="@AfterSuite generateReports" time="0.0">
    <ignored/>
  </testcase> <!-- @AfterSuite generateReports -->
  <testcase classname="basefunctionalities.base" name="@BeforeSuite InitExentReport" time="0.0">
    <ignored/>
  </testcase> <!-- @BeforeSuite InitExentReport -->
  <testcase classname="basefunctionalities.base" name="@BeforeTest getnameMethod" time="0.0">
    <ignored/>
  </testcase> <!-- @BeforeTest getnameMethod -->
  <testcase classname="basefunctionalities.base" name="@AfterSuite generateReports" time="0.0">
    <ignored/>
  </testcase> <!-- @AfterSuite generateReports -->
  <testcase classname="basefunctionalities.base" name="@BeforeSuite InitExentReport" time="0.0">
    <ignored/>
  </testcase> <!-- @BeforeSuite InitExentReport -->
</testsuite> <!-- Test -->
