<?xml version="1.0" encoding="UTF-8"?>
<testsuite xmlns:xsi="http://www.w3.org/2001/XMLSchema-instance" xsi:noNamespaceSchemaLocation="https://maven.apache.org/surefire/maven-surefire-plugin/xsd/surefire-test-report-3.0.xsd" version="3.0" name="TestSuite" time="113.514" tests="11" errors="0" skipped="0" failures="0">
  <properties>
[...]
</properties>
  <testcase name="verifyAdddingMacbookfromhomepage" classname="automation.CartTest" time="3.75">
    <system-err><![CDATA[SLF4J: Failed to load class "org.slf4j.impl.StaticLoggerBinder".
SLF4J: Defaulting to no-operation (NOP) logger implementation
SLF4J: See http://www.slf4j.org/codes.html#StaticLoggerBinder for further details.
Dec 17, 2023 2:53:33 PM org.openqa.selenium.devtools.CdpVersionFinder findNearestMatch
WARNING: Unable to find an exact match for CDP version 120, so returning the closest version found: 117
]]></system-err>
  </testcase>
  <testcase name="verifyIncreasingQuantitywithinCart" classname="automation.CartTest" time="0.8">
    <system-err><![CDATA[Dec 17, 2023 2:53:50 PM org.openqa.selenium.devtools.CdpVersionFinder findNearestMatch
WARNING: Unable to find an exact match for CDP version 120, so returning the closest version found: 117
]]></system-err>
  </testcase>
  <testcase name="VerifyEnteringInvalidCoupon" classname="automation.CartTest" time="1.41">
    <system-err><![CDATA[Dec 17, 2023 2:53:56 PM org.openqa.selenium.devtools.CdpVersionFinder findNearestMatch
WARNING: Unable to find an exact match for CDP version 120, so returning the closest version found: 117
]]></system-err>
  </testcase>
  <testcase name="VerifyCheckoutwithoutLogin" classname="automation.CartTest" time="0.893">
    <system-out><![CDATA[Step 1: Checkout Options
]]></system-out>
    <system-err><![CDATA[Dec 17, 2023 2:54:03 PM org.openqa.selenium.devtools.CdpVersionFinder findNearestMatch
WARNING: Unable to find an exact match for CDP version 120, so returning the closest version found: 117
]]></system-err>
  </testcase>
  <testcase name="VerifyabortCartpage" classname="automation.CartTest" time="0.623">
    <system-err><![CDATA[Dec 17, 2023 2:54:10 PM org.openqa.selenium.devtools.CdpVersionFinder findNearestMatch
WARNING: Unable to find an exact match for CDP version 120, so returning the closest version found: 117
]]></system-err>
  </testcase>
  <testcase name="verifywithlogincredentials[demousermalay@gmail.com, 12345](1)" classname="automation.LoginTest" time="0.844">
    <system-err><![CDATA[Dec 17, 2023 2:54:28 PM org.openqa.selenium.devtools.CdpVersionFinder findNearestMatch
WARNING: Unable to find an exact match for CDP version 120, so returning the closest version found: 117
]]></system-err>
  </testcase>
  <testcase name="verifywithlogincredentials[demouser1@gmail1.com, 12345](2)" classname="automation.LoginTest" time="0.648">
    <system-err><![CDATA[Dec 17, 2023 2:54:54 PM org.openqa.selenium.devtools.CdpVersionFinder findNearestMatch
WARNING: Unable to find an exact match for CDP version 120, so returning the closest version found: 117
]]></system-err>
  </testcase>
  <testcase name="verifywithinvalidlogincredentials" classname="automation.LoginTest" time="0.447">
    <system-err><![CDATA[Dec 17, 2023 2:55:03 PM org.openqa.selenium.devtools.CdpVersionFinder findNearestMatch
WARNING: Unable to find an exact match for CDP version 120, so returning the closest version found: 117
]]></system-err>
  </testcase>
  <testcase name="verifywithvalidemailidandinvalidpassword" classname="automation.LoginTest" time="0.501">
    <system-err><![CDATA[Dec 17, 2023 2:55:08 PM org.openqa.selenium.devtools.CdpVersionFinder findNearestMatch
WARNING: Unable to find an exact match for CDP version 120, so returning the closest version found: 117
]]></system-err>
  </testcase>
  <testcase name="searchforhplaptop" classname="automation.SearchTest" time="0.325">
    <system-err><![CDATA[Dec 17, 2023 2:55:13 PM org.openqa.selenium.devtools.CdpVersionFinder findNearestMatch
WARNING: Unable to find an exact match for CDP version 120, so returning the closest version found: 117
]]></system-err>
  </testcase>
  <testcase name="searchfornonexistingitem" classname="automation.SearchTest" time="0.668">
    <system-err><![CDATA[Dec 17, 2023 2:55:17 PM org.openqa.selenium.devtools.CdpVersionFinder findNearestMatch
WARNING: Unable to find an exact match for CDP version 120, so returning the closest version found: 117
]]></system-err>
  </testcase>
</testsuite>