<?xml version="1.0" encoding="UTF-8"?>
<testng-results ignored="0" total="1" passed="1" failed="0" skipped="0">
  <reporter-output>
  </reporter-output>
  <suite started-at="2023-12-05T03:26:06 IST" name="Default suite" finished-at="2023-12-05T03:26:12 IST" duration-ms="6151">
    <groups>
    </groups>
    <test started-at="2023-12-05T03:26:06 IST" name="Default test" finished-at="2023-12-05T03:26:12 IST" duration-ms="6151">
      <class name="experiment.Registration">
        <test-method is-config="true" signature="InitExentReport()[pri:0, instance:experiment.Registration@45752059]" started-at="2023-12-05T03:26:06 IST" name="InitExentReport" finished-at="2023-12-05T03:26:06 IST" duration-ms="204" status="PASS">
          <reporter-output>
          </reporter-output>
        </test-method> <!-- InitExentReport -->
        <test-method is-config="true" signature="getnameMethod(org.testng.ITestContext)[pri:0, instance:experiment.Registration@45752059]" started-at="2023-12-05T03:26:06 IST" name="getnameMethod" finished-at="2023-12-05T03:26:06 IST" duration-ms="9" status="PASS">
          <params>
            <param index="0">
              <value>
                <![CDATA[org.testng.TestRunner@7add838c]]>
              </value>
            </param>
          </params>
          <reporter-output>
          </reporter-output>
        </test-method> <!-- getnameMethod -->
        <test-method is-config="true" signature="start()[pri:0, instance:experiment.Registration@45752059]" started-at="2023-12-05T03:26:06 IST" name="start" finished-at="2023-12-05T03:26:11 IST" duration-ms="5370" status="PASS">
          <reporter-output>
          </reporter-output>
        </test-method> <!-- start -->
        <test-method signature="verifywithnulllemail()[pri:4, instance:experiment.Registration@45752059]" started-at="2023-12-05T03:26:11 IST" name="verifywithnulllemail" finished-at="2023-12-05T03:26:12 IST" duration-ms="598" status="PASS">
          <reporter-output>
          </reporter-output>
        </test-method> <!-- verifywithnulllemail -->
        <test-method is-config="true" signature="end()[pri:0, instance:experiment.Registration@45752059]" started-at="2023-12-05T03:26:12 IST" name="end" finished-at="2023-12-05T03:26:12 IST" duration-ms="145" status="PASS">
          <reporter-output>
          </reporter-output>
        </test-method> <!-- end -->
        <test-method is-config="true" signature="generateStatus(java.lang.reflect.Method,org.testng.ITestResult)[pri:0, instance:experiment.Registration@45752059]" started-at="2023-12-05T03:26:12 IST" name="generateStatus" finished-at="2023-12-05T03:26:12 IST" duration-ms="5" status="PASS">
          <params>
            <param index="0">
              <value>
                <![CDATA[public void experiment.Registration.verifywithnulllemail()]]>
              </value>
            </param>
            <param index="1">
              <value>
                <![CDATA[[TestResult name=verifywithnulllemail status=SUCCESS method=Registration.verifywithnulllemail()[pri:4, instance:experiment.Registration@45752059] output={null}]]]>
              </value>
            </param>
          </params>
          <reporter-output>
          </reporter-output>
        </test-method> <!-- generateStatus -->
        <test-method is-config="true" signature="generateReports()[pri:0, instance:experiment.Registration@45752059]" started-at="2023-12-05T03:26:12 IST" name="generateReports" finished-at="2023-12-05T03:26:13 IST" duration-ms="533" status="PASS">
          <reporter-output>
          </reporter-output>
        </test-method> <!-- generateReports -->
      </class> <!-- experiment.Registration -->
    </test> <!-- Default test -->
  </suite> <!-- Default suite -->
</testng-results>
